    1     0.5000     -1.06010
    2     0.5100     -1.06760
    3     0.5200     -1.07447
    4     0.5300     -1.08075
    5     0.5400     -1.08648
    6     0.5500     -1.09170
    7     0.5600     -1.09645
    8     0.5700     -1.10075
    9     0.5800     -1.10464
   10     0.5900     -1.10814
   11     0.6000     -1.11128
   12     0.6100     -1.11408
   13     0.6200     -1.11657
   14     0.6300     -1.11876
   15     0.6400     -1.12067
   16     0.6500     -1.12233
   17     0.6600     -1.12375
   18     0.6700     -1.12493
   19     0.6800     -1.12591
   20     0.6900     -1.12669
   21     0.7000     -1.12727
   22     0.7100     -1.12769
   23     0.7200     -1.12794
   24     0.7300     -1.12804
   25     0.7400     -1.12799
   26     0.7500     -1.12781
   27     0.7600     -1.12750
   28     0.7700     -1.12707
   29     0.7800     -1.12652
   30     0.7900     -1.12588
   31     0.8000     -1.12514
   32     0.8100     -1.12430
   33     0.8200     -1.12338
   34     0.8300     -1.12237
   35     0.8400     -1.12129
   36     0.8500     -1.12014
   37     0.8600     -1.11893
   38     0.8700     -1.11765
   39     0.8800     -1.11631
   40     0.8900     -1.11491
   41     0.9000     -1.11347
   42     0.9100     -1.11198
   43     0.9200     -1.11044
   44     0.9300     -1.10886
   45     0.9400     -1.10724
   46     0.9500     -1.10559
   47     0.9600     -1.10390
   48     0.9700     -1.10219
   49     0.9800     -1.10044
   50     0.9900     -1.09866
   51     1.0000     -1.09686
   52     1.0100     -1.09504
   53     1.0200     -1.09320
   54     1.0300     -1.09133
   55     1.0400     -1.08945
   56     1.0500     -1.08756
   57     1.0600     -1.08564
   58     1.0700     -1.08372
   59     1.0800     -1.08178
   60     1.0900     -1.07983
   61     1.1000     -1.07787
   62     1.1100     -1.07590
   63     1.1200     -1.07393
   64     1.1300     -1.07195
   65     1.1400     -1.06996
   66     1.1500     -1.06797
   67     1.1600     -1.06597
   68     1.1700     -1.06398
   69     1.1800     -1.06198
   70     1.1900     -1.05998
   71     1.2000     -1.05797
   72     1.2100     -1.05597
   73     1.2200     -1.05397
   74     1.2300     -1.05197
   75     1.2400     -1.04997
   76     1.2500     -1.04798
   77     1.2600     -1.04598
   78     1.2700     -1.04399
   79     1.2800     -1.04201
   80     1.2900     -1.04003
   81     1.3000     -1.03805
   82     1.3100     -1.03608
   83     1.3200     -1.03412
   84     1.3300     -1.03216
   85     1.3400     -1.03021
   86     1.3500     -1.02826
   87     1.3600     -1.02632
   88     1.3700     -1.02439
   89     1.3800     -1.02247
   90     1.3900     -1.02055
   91     1.4000     -1.01865
   92     1.4100     -1.01675
   93     1.4200     -1.01486
   94     1.4300     -1.01297
   95     1.4400     -1.01110
   96     1.4500     -1.00924
   97     1.4600     -1.00738
   98     1.4700     -1.00554
   99     1.4800     -1.00371
  100     1.4900     -1.00188
  101     1.5000     -1.00007
  102     1.5100     -0.99826
  103     1.5200     -0.99647
  104     1.5300     -0.99468
  105     1.5400     -0.99291
  106     1.5500     -0.99114
  107     1.5600     -0.98939
  108     1.5700     -0.98764
  109     1.5800     -0.98591
  110     1.5900     -0.98419
  111     1.6000     -0.98248
  112     1.6100     -0.98078
  113     1.6200     -0.97909
  114     1.6300     -0.97741
  115     1.6400     -0.97574
  116     1.6500     -0.97408
  117     1.6600     -0.97243
  118     1.6700     -0.97080
  119     1.6800     -0.96917
  120     1.6900     -0.96756
  121     1.7000     -0.96595
  122     1.7100     -0.96436
  123     1.7200     -0.96278
  124     1.7300     -0.96120
  125     1.7400     -0.95964
  126     1.7500     -0.95809
  127     1.7600     -0.95655
  128     1.7700     -0.95502
  129     1.7800     -0.95350
  130     1.7900     -0.95199
  131     1.8000     -0.95049
  132     1.8100     -0.94901
  133     1.8200     -0.94753
  134     1.8300     -0.94606
  135     1.8400     -0.94460
  136     1.8500     -0.94316
  137     1.8600     -0.94172
  138     1.8700     -0.94029
  139     1.8800     -0.93888
  140     1.8900     -0.93747
  141     1.9000     -0.93608
  142     1.9100     -0.93469
  143     1.9200     -0.93331
  144     1.9300     -0.93195
  145     1.9400     -0.93059
  146     1.9500     -0.92924
  147     1.9600     -0.92790
  148     1.9700     -0.92657
  149     1.9800     -0.92526
  150     1.9900     -0.92395
  151     2.0000     -0.92265
  152     2.0100     -0.92136
  153     2.0200     -0.92007
  154     2.0300     -0.91880
  155     2.0400     -0.91754
  156     2.0500     -0.91629
  157     2.0600     -0.91504
  158     2.0700     -0.91381
  159     2.0800     -0.91258
  160     2.0900     -0.91136
  161     2.1000     -0.91015
  162     2.1100     -0.90895
  163     2.1200     -0.90776
  164     2.1300     -0.90658
  165     2.1400     -0.90540
  166     2.1500     -0.90424
  167     2.1600     -0.90308
  168     2.1700     -0.90193
  169     2.1800     -0.90079
  170     2.1900     -0.89966
  171     2.2000     -0.89854
  172     2.2100     -0.89742
  173     2.2200     -0.89631
  174     2.2300     -0.89521
  175     2.2400     -0.89412
  176     2.2500     -0.89304
  177     2.2600     -0.89196
  178     2.2700     -0.89090
  179     2.2800     -0.88984
  180     2.2900     -0.88879
  181     2.3000     -0.88774
  182     2.3100     -0.88670
  183     2.3200     -0.88568
  184     2.3300     -0.88466
  185     2.3400     -0.88364
  186     2.3500     -0.88264
  187     2.3600     -0.88164
  188     2.3700     -0.88065
  189     2.3800     -0.87966
  190     2.3900     -0.87869
  191     2.4000     -0.87772
  192     2.4100     -0.87675
  193     2.4200     -0.87580
  194     2.4300     -0.87485
  195     2.4400     -0.87391
  196     2.4500     -0.87298
  197     2.4600     -0.87205
  198     2.4700     -0.87113
  199     2.4800     -0.87022
  200     2.4900     -0.86931
  201     2.5000     -0.86841
  202     2.5100     -0.86752
  203     2.5200     -0.86663
  204     2.5300     -0.86575
  205     2.5400     -0.86488
  206     2.5500     -0.86401
  207     2.5600     -0.86315
  208     2.5700     -0.86230
  209     2.5800     -0.86145
  210     2.5900     -0.86061
  211     2.6000     -0.85977
  212     2.6100     -0.85895
  213     2.6200     -0.85812
  214     2.6300     -0.85731
  215     2.6400     -0.85650
  216     2.6500     -0.85569
  217     2.6600     -0.85490
  218     2.6700     -0.85410
  219     2.6800     -0.85332
  220     2.6900     -0.85254
  221     2.7000     -0.85176
  222     2.7100     -0.85100
  223     2.7200     -0.85023
  224     2.7300     -0.84948
  225     2.7400     -0.84872
  226     2.7500     -0.84798
  227     2.7600     -0.84724
  228     2.7700     -0.84651
  229     2.7800     -0.84578
  230     2.7900     -0.84505
  231     2.8000     -0.84434
  232     2.8100     -0.84362
  233     2.8200     -0.84292
  234     2.8300     -0.84222
  235     2.8400     -0.84152
  236     2.8500     -0.84083
  237     2.8600     -0.84014
  238     2.8700     -0.83946
  239     2.8800     -0.83879
  240     2.8900     -0.83812
  241     2.9000     -0.83745
  242     2.9100     -0.83679
  243     2.9200     -0.83614
  244     2.9300     -0.83549
  245     2.9400     -0.83484
  246     2.9500     -0.83420
  247     2.9600     -0.83356
  248     2.9700     -0.83293
  249     2.9800     -0.83231
  250     2.9900     -0.83169
  251     3.0000     -0.83107
  252     3.0100     -0.83046
  253     3.0200     -0.82985
  254     3.0300     -0.82925
  255     3.0400     -0.82865
  256     3.0500     -0.82806
  257     3.0600     -0.82747
  258     3.0700     -0.82689
  259     3.0800     -0.82631
  260     3.0900     -0.82573
  261     3.1000     -0.82516
  262     3.1100     -0.82459
  263     3.1200     -0.82403
  264     3.1300     -0.82347
  265     3.1400     -0.82292
  266     3.1500     -0.82237
  267     3.1600     -0.82182
  268     3.1700     -0.82128
  269     3.1800     -0.82075
  270     3.1900     -0.82021
  271     3.2000     -0.81968
  272     3.2100     -0.81916
  273     3.2200     -0.81864
  274     3.2300     -0.81812
  275     3.2400     -0.81761
  276     3.2500     -0.81710
  277     3.2600     -0.81659
  278     3.2700     -0.81609
  279     3.2800     -0.81560
  280     3.2900     -0.81510
  281     3.3000     -0.81461
  282     3.3100     -0.81413
  283     3.3200     -0.81364
  284     3.3300     -0.81316
  285     3.3400     -0.81269
  286     3.3500     -0.81222
  287     3.3600     -0.81175
  288     3.3700     -0.81129
  289     3.3800     -0.81082
  290     3.3900     -0.81037
  291     3.4000     -0.80991
  292     3.4100     -0.80946
  293     3.4200     -0.80902
  294     3.4300     -0.80857
  295     3.4400     -0.80813
  296     3.4500     -0.80770
  297     3.4600     -0.80726
  298     3.4700     -0.80683
  299     3.4800     -0.80641
  300     3.4900     -0.80598
  301     3.5000     -0.80556
  302     3.5100     -0.80514
  303     3.5200     -0.80473
  304     3.5300     -0.80432
  305     3.5400     -0.80391
  306     3.5500     -0.80351
  307     3.5600     -0.80311
  308     3.5700     -0.80271
  309     3.5800     -0.80231
  310     3.5900     -0.80192
  311     3.6000     -0.80153
  312     3.6100     -0.80114
  313     3.6200     -0.80076
  314     3.6300     -0.80038
  315     3.6400     -0.80000
  316     3.6500     -0.79963
  317     3.6600     -0.79925
  318     3.6700     -0.79888
  319     3.6800     -0.79852
  320     3.6900     -0.79815
  321     3.7000     -0.79779
  322     3.7100     -0.79743
  323     3.7200     -0.79708
  324     3.7300     -0.79673
  325     3.7400     -0.79638
  326     3.7500     -0.79603
  327     3.7600     -0.79568
  328     3.7700     -0.79534
  329     3.7800     -0.79500
  330     3.7900     -0.79466
  331     3.8000     -0.79433
  332     3.8100     -0.79400
  333     3.8200     -0.79367
  334     3.8300     -0.79334
  335     3.8400     -0.79302
  336     3.8500     -0.79269
  337     3.8600     -0.79237
  338     3.8700     -0.79206
  339     3.8800     -0.79174
  340     3.8900     -0.79143
  341     3.9000     -0.79112
  342     3.9100     -0.79081
  343     3.9200     -0.79050
  344     3.9300     -0.79020
  345     3.9400     -0.78990
  346     3.9500     -0.78960
  347     3.9600     -0.78930
  348     3.9700     -0.78901
  349     3.9800     -0.78872
  350     3.9900     -0.78843
  351     4.0000     -0.78814
  352     4.0100     -0.78785
  353     4.0200     -0.78757
  354     4.0300     -0.78729
  355     4.0400     -0.78701
  356     4.0500     -0.78673
  357     4.0600     -0.78645
  358     4.0700     -0.78618
  359     4.0800     -0.78591
  360     4.0900     -0.78564
  361     4.1000     -0.78537
  362     4.1100     -0.78511
  363     4.1200     -0.78484
  364     4.1300     -0.78458
  365     4.1400     -0.78432
  366     4.1500     -0.78406
  367     4.1600     -0.78381
  368     4.1700     -0.78355
  369     4.1800     -0.78330
  370     4.1900     -0.78305
  371     4.2000     -0.78280
  372     4.2100     -0.78255
  373     4.2200     -0.78231
  374     4.2300     -0.78207
  375     4.2400     -0.78182
  376     4.2500     -0.78159
  377     4.2600     -0.78135
  378     4.2700     -0.78111
  379     4.2800     -0.78088
  380     4.2900     -0.78064
  381     4.3000     -0.78041
  382     4.3100     -0.78018
  383     4.3200     -0.77996
  384     4.3300     -0.77973
  385     4.3400     -0.77950
  386     4.3500     -0.77928
  387     4.3600     -0.77906
  388     4.3700     -0.77884
  389     4.3800     -0.77862
  390     4.3900     -0.77841
  391     4.4000     -0.77819
  392     4.4100     -0.77798
  393     4.4200     -0.77776
  394     4.4300     -0.77755
  395     4.4400     -0.77734
  396     4.4500     -0.77714
  397     4.4600     -0.77693
  398     4.4700     -0.77673
  399     4.4800     -0.77652
  400     4.4900     -0.77632
  401     4.5000     -0.77612
  402     4.5100     -0.77592
  403     4.5200     -0.77572
  404     4.5300     -0.77553
  405     4.5400     -0.77533
  406     4.5500     -0.77514
  407     4.5600     -0.77495
  408     4.5700     -0.77476
  409     4.5800     -0.77457
  410     4.5900     -0.77438
  411     4.6000     -0.77419
  412     4.6100     -0.77401
  413     4.6200     -0.77382
  414     4.6300     -0.77364
  415     4.6400     -0.77346
  416     4.6500     -0.77328
  417     4.6600     -0.77310
  418     4.6700     -0.77292
  419     4.6800     -0.77274
  420     4.6900     -0.77257
  421     4.7000     -0.77239
  422     4.7100     -0.77222
  423     4.7200     -0.77205
  424     4.7300     -0.77188
  425     4.7400     -0.77171
  426     4.7500     -0.77154
  427     4.7600     -0.77137
  428     4.7700     -0.77120
  429     4.7800     -0.77104
  430     4.7900     -0.77087
  431     4.8000     -0.77071
  432     4.8100     -0.77055
  433     4.8200     -0.77039
  434     4.8300     -0.77023
  435     4.8400     -0.77007
  436     4.8500     -0.76991
  437     4.8600     -0.76975
  438     4.8700     -0.76960
  439     4.8800     -0.76944
  440     4.8900     -0.76929
  441     4.9000     -0.76914
  442     4.9100     -0.76899
  443     4.9200     -0.76884
  444     4.9300     -0.76869
  445     4.9400     -0.76854
  446     4.9500     -0.76839
  447     4.9600     -0.76824
  448     4.9700     -0.76810
  449     4.9800     -0.76795
  450     4.9900     -0.76781
  451     5.0000     -0.76766
  452     5.0100     -0.76752
  453     5.0200     -0.76738
  454     5.0300     -0.76724
  455     5.0400     -0.76710
  456     5.0500     -0.76696
  457     5.0600     -0.76683
  458     5.0700     -0.76669
  459     5.0800     -0.76655
  460     5.0900     -0.76642
  461     5.1000     -0.76628
  462     5.1100     -0.76615
  463     5.1200     -0.76602
  464     5.1300     -0.76588
  465     5.1400     -0.76575
  466     5.1500     -0.76562
  467     5.1600     -0.76549
  468     5.1700     -0.76537
  469     5.1800     -0.76524
  470     5.1900     -0.76511
  471     5.2000     -0.76498
  472     5.2100     -0.76486
  473     5.2200     -0.76473
  474     5.2300     -0.76461
  475     5.2400     -0.76449
  476     5.2500     -0.76436
  477     5.2600     -0.76424
  478     5.2700     -0.76412
  479     5.2800     -0.76400
  480     5.2900     -0.76388
  481     5.3000     -0.76376
  482     5.3100     -0.76364
  483     5.3200     -0.76353
  484     5.3300     -0.76341
  485     5.3400     -0.76329
  486     5.3500     -0.76318
  487     5.3600     -0.76306
  488     5.3700     -0.76295
  489     5.3800     -0.76284
  490     5.3900     -0.76272
  491     5.4000     -0.76261
  492     5.4100     -0.76250
  493     5.4200     -0.76239
  494     5.4300     -0.76228
  495     5.4400     -0.76217
  496     5.4500     -0.76206
  497     5.4600     -0.76195
  498     5.4700     -0.76184
  499     5.4800     -0.76174
  500     5.4900     -0.76163
  501     5.5000     -0.76152
  502     5.5100     -0.76142
  503     5.5200     -0.76131
  504     5.5300     -0.76121
  505     5.5400     -0.76110
  506     5.5500     -0.76100
  507     5.5600     -0.76090
  508     5.5700     -0.76080
  509     5.5800     -0.76069
  510     5.5900     -0.76059
  511     5.6000     -0.76049
  512     5.6100     -0.76039
  513     5.6200     -0.76029
  514     5.6300     -0.76020
  515     5.6400     -0.76010
  516     5.6500     -0.76000
  517     5.6600     -0.75990
  518     5.6700     -0.75981
  519     5.6800     -0.75971
  520     5.6900     -0.75961
  521     5.7000     -0.75952
  522     5.7100     -0.75942
  523     5.7200     -0.75933
  524     5.7300     -0.75924
  525     5.7400     -0.75914
  526     5.7500     -0.75905
  527     5.7600     -0.75896
  528     5.7700     -0.75887
  529     5.7800     -0.75877
  530     5.7900     -0.75868
  531     5.8000     -0.75859
  532     5.8100     -0.75850
  533     5.8200     -0.75841
  534     5.8300     -0.75832
  535     5.8400     -0.75824
  536     5.8500     -0.75815
  537     5.8600     -0.75806
  538     5.8700     -0.75797
  539     5.8800     -0.75789
  540     5.8900     -0.75780
  541     5.9000     -0.75771
  542     5.9100     -0.75763
  543     5.9200     -0.75754
  544     5.9300     -0.75746
  545     5.9400     -0.75737
  546     5.9500     -0.75729
  547     5.9600     -0.75721
  548     5.9700     -0.75712
  549     5.9800     -0.75704
  550     5.9900     -0.75696
  551     6.0000     -0.75687
  552     6.0100     -0.75679
  553     6.0200     -0.75671
  554     6.0300     -0.75663
  555     6.0400     -0.75655
  556     6.0500     -0.75647
  557     6.0600     -0.75639
  558     6.0700     -0.75631
  559     6.0800     -0.75623
  560     6.0900     -0.75615
  561     6.1000     -0.75607
  562     6.1100     -0.75600
  563     6.1200     -0.75592
  564     6.1300     -0.75584
  565     6.1400     -0.75576
  566     6.1500     -0.75569
  567     6.1600     -0.75561
  568     6.1700     -0.75554
  569     6.1800     -0.75546
  570     6.1900     -0.75538
  571     6.2000     -0.75531
  572     6.2100     -0.75524
  573     6.2200     -0.75516
  574     6.2300     -0.75509
  575     6.2400     -0.75501
  576     6.2500     -0.75494
  577     6.2600     -0.75487
  578     6.2700     -0.75479
  579     6.2800     -0.75472
  580     6.2900     -0.75465
  581     6.3000     -0.75458
  582     6.3100     -0.75451
  583     6.3200     -0.75443
  584     6.3300     -0.75436
  585     6.3400     -0.75429
  586     6.3500     -0.75422
  587     6.3600     -0.75415
  588     6.3700     -0.75408
  589     6.3800     -0.75401
  590     6.3900     -0.75394
  591     6.4000     -0.75388
  592     6.4100     -0.75381
  593     6.4200     -0.75374
  594     6.4300     -0.75367
  595     6.4400     -0.75360
  596     6.4500     -0.75353
  597     6.4600     -0.75347
  598     6.4700     -0.75340
  599     6.4800     -0.75333
  600     6.4900     -0.75327
  601     6.5000     -0.75320
  602     6.5100     -0.75313
  603     6.5200     -0.75307
  604     6.5300     -0.75300
  605     6.5400     -0.75294
  606     6.5500     -0.75287
  607     6.5600     -0.75281
  608     6.5700     -0.75274
  609     6.5800     -0.75268
  610     6.5900     -0.75262
  611     6.6000     -0.75255
  612     6.6100     -0.75249
  613     6.6200     -0.75243
  614     6.6300     -0.75236
  615     6.6400     -0.75230
  616     6.6500     -0.75224
  617     6.6600     -0.75217
  618     6.6700     -0.75211
  619     6.6800     -0.75205
  620     6.6900     -0.75199
  621     6.7000     -0.75193
  622     6.7100     -0.75187
  623     6.7200     -0.75181
  624     6.7300     -0.75174
  625     6.7400     -0.75168
  626     6.7500     -0.75162
  627     6.7600     -0.75156
  628     6.7700     -0.75150
  629     6.7800     -0.75144
  630     6.7900     -0.75138
  631     6.8000     -0.75132
  632     6.8100     -0.75127
  633     6.8200     -0.75121
  634     6.8300     -0.75115
  635     6.8400     -0.75109
  636     6.8500     -0.75103
  637     6.8600     -0.75097
  638     6.8700     -0.75092
  639     6.8800     -0.75086
  640     6.8900     -0.75080
  641     6.9000     -0.75074
  642     6.9100     -0.75069
  643     6.9200     -0.75063
  644     6.9300     -0.75057
  645     6.9400     -0.75052
  646     6.9500     -0.75046
  647     6.9600     -0.75040
  648     6.9700     -0.75035
  649     6.9800     -0.75029
  650     6.9900     -0.75024
  651     7.0000     -0.75018
  652     7.0100     -0.75013
  653     7.0200     -0.75007
  654     7.0300     -0.75002
  655     7.0400     -0.74996
  656     7.0500     -0.74991
  657     7.0600     -0.74985
  658     7.0700     -0.74980
  659     7.0800     -0.74974
  660     7.0900     -0.74969
  661     7.1000     -0.74964
  662     7.1100     -0.74958
  663     7.1200     -0.74953
  664     7.1300     -0.74948
  665     7.1400     -0.74942
  666     7.1500     -0.74937
  667     7.1600     -0.74932
  668     7.1700     -0.74927
  669     7.1800     -0.74921
  670     7.1900     -0.74916
  671     7.2000     -0.74911
  672     7.2100     -0.74906
  673     7.2200     -0.74901
  674     7.2300     -0.74895
  675     7.2400     -0.74890
  676     7.2500     -0.74885
  677     7.2600     -0.74880
  678     7.2700     -0.74875
  679     7.2800     -0.74870
  680     7.2900     -0.74865
  681     7.3000     -0.74860
  682     7.3100     -0.74855
  683     7.3200     -0.74850
  684     7.3300     -0.74845
  685     7.3400     -0.74840
  686     7.3500     -0.74835
  687     7.3600     -0.74830
  688     7.3700     -0.74825
  689     7.3800     -0.74820
  690     7.3900     -0.74815
  691     7.4000     -0.74810
  692     7.4100     -0.74805
  693     7.4200     -0.74800
  694     7.4300     -0.74796
  695     7.4400     -0.74791
  696     7.4500     -0.74786
  697     7.4600     -0.74781
  698     7.4700     -0.74776
  699     7.4800     -0.74771
  700     7.4900     -0.74767
  701     7.5000     -0.74762
  702     7.5100     -0.74757
  703     7.5200     -0.74752
  704     7.5300     -0.74748
  705     7.5400     -0.74743
  706     7.5500     -0.74738
  707     7.5600     -0.74734
  708     7.5700     -0.74729
  709     7.5800     -0.74724
  710     7.5900     -0.74720
  711     7.6000     -0.74715
  712     7.6100     -0.74711
  713     7.6200     -0.74706
  714     7.6300     -0.74701
  715     7.6400     -0.74697
  716     7.6500     -0.74692
  717     7.6600     -0.74688
  718     7.6700     -0.74683
  719     7.6800     -0.74679
  720     7.6900     -0.74674
  721     7.7000     -0.74670
  722     7.7100     -0.74665
  723     7.7200     -0.74661
  724     7.7300     -0.74656
  725     7.7400     -0.74652
  726     7.7500     -0.74647
  727     7.7600     -0.74643
  728     7.7700     -0.74638
  729     7.7800     -0.74634
  730     7.7900     -0.74630
  731     7.8000     -0.74625
  732     7.8100     -0.74621
  733     7.8200     -0.74617
  734     7.8300     -0.74612
  735     7.8400     -0.74608
  736     7.8500     -0.74604
  737     7.8600     -0.74599
  738     7.8700     -0.74595
  739     7.8800     -0.74591
  740     7.8900     -0.74586
  741     7.9000     -0.74582
  742     7.9100     -0.74578
  743     7.9200     -0.74574
  744     7.9300     -0.74569
  745     7.9400     -0.74565
  746     7.9500     -0.74561
  747     7.9600     -0.74557
  748     7.9700     -0.74553
  749     7.9800     -0.74548
  750     7.9900     -0.74544
  751     8.0000     -0.74540
  752     8.0100     -0.74536
  753     8.0200     -0.74532
  754     8.0300     -0.74528
  755     8.0400     -0.74524
  756     8.0500     -0.74520
  757     8.0600     -0.74515
  758     8.0700     -0.74511
  759     8.0800     -0.74507
  760     8.0900     -0.74503
  761     8.1000     -0.74499
  762     8.1100     -0.74495
  763     8.1200     -0.74491
  764     8.1300     -0.74487
  765     8.1400     -0.74483
  766     8.1500     -0.74479
  767     8.1600     -0.74475
  768     8.1700     -0.74471
  769     8.1800     -0.74467
  770     8.1900     -0.74463
  771     8.2000     -0.74459
  772     8.2100     -0.74455
  773     8.2200     -0.74451
  774     8.2300     -0.74447
  775     8.2400     -0.74444
  776     8.2500     -0.74440
  777     8.2600     -0.74436
  778     8.2700     -0.74432
  779     8.2800     -0.74428
  780     8.2900     -0.74424
  781     8.3000     -0.74420
  782     8.3100     -0.74416
  783     8.3200     -0.74413
  784     8.3300     -0.74409
  785     8.3400     -0.74405
  786     8.3500     -0.74401
  787     8.3600     -0.74397
  788     8.3700     -0.74394
  789     8.3800     -0.74390
  790     8.3900     -0.74386
  791     8.4000     -0.74382
  792     8.4100     -0.74379
  793     8.4200     -0.74375
  794     8.4300     -0.74371
  795     8.4400     -0.74367
  796     8.4500     -0.74364
  797     8.4600     -0.74360
  798     8.4700     -0.74356
  799     8.4800     -0.74353
  800     8.4900     -0.74349
  801     8.5000     -0.74345
  802     8.5100     -0.74342
  803     8.5200     -0.74338
  804     8.5300     -0.74334
  805     8.5400     -0.74331
  806     8.5500     -0.74327
  807     8.5600     -0.74323
  808     8.5700     -0.74320
  809     8.5800     -0.74316
  810     8.5900     -0.74313
  811     8.6000     -0.74309
  812     8.6100     -0.74305
  813     8.6200     -0.74302
  814     8.6300     -0.74298
  815     8.6400     -0.74295
  816     8.6500     -0.74291
  817     8.6600     -0.74288
  818     8.6700     -0.74284
  819     8.6800     -0.74281
  820     8.6900     -0.74277
  821     8.7000     -0.74274
  822     8.7100     -0.74270
  823     8.7200     -0.74267
  824     8.7300     -0.74263
  825     8.7400     -0.74260
  826     8.7500     -0.74256
  827     8.7600     -0.74253
  828     8.7700     -0.74249
  829     8.7800     -0.74246
  830     8.7900     -0.74242
  831     8.8000     -0.74239
  832     8.8100     -0.74236
  833     8.8200     -0.74232
  834     8.8300     -0.74229
  835     8.8400     -0.74225
  836     8.8500     -0.74222
  837     8.8600     -0.74219
  838     8.8700     -0.74215
  839     8.8800     -0.74212
  840     8.8900     -0.74209
  841     8.9000     -0.74205
  842     8.9100     -0.74202
  843     8.9200     -0.74199
  844     8.9300     -0.74195
  845     8.9400     -0.74192
  846     8.9500     -0.74189
  847     8.9600     -0.74185
  848     8.9700     -0.74182
  849     8.9800     -0.74179
  850     8.9900     -0.74175
  851     9.0000     -0.74172
  852     9.0100     -0.74169
  853     9.0200     -0.74166
  854     9.0300     -0.74162
  855     9.0400     -0.74159
  856     9.0500     -0.74156
  857     9.0600     -0.74153
  858     9.0700     -0.74149
  859     9.0800     -0.74146
  860     9.0900     -0.74143
  861     9.1000     -0.74140
  862     9.1100     -0.74137
  863     9.1200     -0.74133
  864     9.1300     -0.74130
  865     9.1400     -0.74127
  866     9.1500     -0.74124
  867     9.1600     -0.74121
  868     9.1700     -0.74118
  869     9.1800     -0.74114
  870     9.1900     -0.74111
  871     9.2000     -0.74108
  872     9.2100     -0.74105
  873     9.2200     -0.74102
  874     9.2300     -0.74099
  875     9.2400     -0.74096
  876     9.2500     -0.74093
  877     9.2600     -0.74090
  878     9.2700     -0.74087
  879     9.2800     -0.74083
  880     9.2900     -0.74080
  881     9.3000     -0.74077
  882     9.3100     -0.74074
  883     9.3200     -0.74071
  884     9.3300     -0.74068
  885     9.3400     -0.74065
  886     9.3500     -0.74062
  887     9.3600     -0.74059
  888     9.3700     -0.74056
  889     9.3800     -0.74053
  890     9.3900     -0.74050
  891     9.4000     -0.74047
  892     9.4100     -0.74044
  893     9.4200     -0.74041
  894     9.4300     -0.74038
  895     9.4400     -0.74035
  896     9.4500     -0.74032
  897     9.4600     -0.74029
  898     9.4700     -0.74026
  899     9.4800     -0.74023
  900     9.4900     -0.74020
  901     9.5000     -0.74017
  902     9.5100     -0.74014
  903     9.5200     -0.74012
  904     9.5300     -0.74009
  905     9.5400     -0.74006
  906     9.5500     -0.74003
  907     9.5600     -0.74000
  908     9.5700     -0.73997
  909     9.5800     -0.73994
  910     9.5900     -0.73991
  911     9.6000     -0.73988
  912     9.6100     -0.73986
  913     9.6200     -0.73983
  914     9.6300     -0.73980
  915     9.6400     -0.73977
  916     9.6500     -0.73974
  917     9.6600     -0.73971
  918     9.6700     -0.73968
  919     9.6800     -0.73966
  920     9.6900     -0.73963
  921     9.7000     -0.73960
  922     9.7100     -0.73957
  923     9.7200     -0.73954
  924     9.7300     -0.73952
  925     9.7400     -0.73949
  926     9.7500     -0.73946
  927     9.7600     -0.73943
  928     9.7700     -0.73940
  929     9.7800     -0.73938
  930     9.7900     -0.73935
  931     9.8000     -0.73932
  932     9.8100     -0.73929
  933     9.8200     -0.73927
  934     9.8300     -0.73924
  935     9.8400     -0.73921
  936     9.8500     -0.73918
  937     9.8600     -0.73916
  938     9.8700     -0.73913
  939     9.8800     -0.73910
  940     9.8900     -0.73908
  941     9.9000     -0.73905
  942     9.9100     -0.73902
  943     9.9200     -0.73899
  944     9.9300     -0.73897
  945     9.9400     -0.73894
  946     9.9500     -0.73891
  947     9.9600     -0.73889
  948     9.9700     -0.73886
  949     9.9800     -0.73883
  950     9.9900     -0.73881
  951    10.0000     -0.73878
  952    10.0100     -0.73875
  953    10.0200     -0.73873
  954    10.0300     -0.73870
  955    10.0400     -0.73868
  956    10.0500     -0.73865
  957    10.0600     -0.73862
  958    10.0700     -0.73860
  959    10.0800     -0.73857
  960    10.0900     -0.73855
  961    10.1000     -0.73852
  962    10.1100     -0.73849
  963    10.1200     -0.73847
  964    10.1300     -0.73844
  965    10.1400     -0.73842
  966    10.1500     -0.73839
  967    10.1600     -0.73836
  968    10.1700     -0.73834
  969    10.1800     -0.73831
  970    10.1900     -0.73829
  971    10.2000     -0.73826
  972    10.2100     -0.73824
  973    10.2200     -0.73821
  974    10.2300     -0.73819
  975    10.2400     -0.73816
  976    10.2500     -0.73814
  977    10.2600     -0.73811
  978    10.2700     -0.73809
  979    10.2800     -0.73806
  980    10.2900     -0.73804
  981    10.3000     -0.73801
  982    10.3100     -0.73799
  983    10.3200     -0.73796
  984    10.3300     -0.73794
  985    10.3400     -0.73791
  986    10.3500     -0.73789
  987    10.3600     -0.73786
  988    10.3700     -0.73784
  989    10.3800     -0.73781
  990    10.3900     -0.73779
  991    10.4000     -0.73776
  992    10.4100     -0.73774
  993    10.4200     -0.73771
  994    10.4300     -0.73769
  995    10.4400     -0.73767
  996    10.4500     -0.73764
  997    10.4600     -0.73762
  998    10.4700     -0.73759
  999    10.4800     -0.73757
 1000    10.4900     -0.73755
 1001    10.5000     -0.73752
